<?xml version="1.0" encoding="UTF-8"?>
<!-- Generated by org.testng.reporters.JUnitReportReporter -->
<testsuite hostname="DESKTOP-OK8075E" failures="0" tests="1" name="testng.TestCase1" time="0.025" errors="0" timestamp="2021-06-22T12:44:13 IST" skipped="0">
  <testcase classname="testng.TestCase1" name="verifyLoginPage" time="0.025"/>
  <system-out/>
</testsuite> <!-- testng.TestCase1 -->
