<?xml version="1.0" encoding="UTF-8"?>
<!-- Generated by org.testng.reporters.JUnitReportReporter -->
<testsuite hostname="DESKTOP-OK8075E" failures="0" tests="1" name="testng.Demo1" time="14.516" errors="0" timestamp="2021-06-22T12:50:16 IST" skipped="0">
  <testcase classname="testng.Demo1" name="verifyLoginPage" time="14.516"/>
  <system-out/>
</testsuite> <!-- testng.Demo1 -->
