<?xml version="1.0" encoding="UTF-8"?>
<!-- Generated by org.testng.reporters.JUnitReportReporter -->
<testsuite hostname="DESKTOP-OK8075E" failures="0" tests="2" name="testng.TestCase3" time="0.021" errors="0" timestamp="2021-06-22T15:38:14 IST" skipped="0">
  <testcase classname="testng.TestCase3" name="tc1" time="0.018"/>
  <system-out/>
  <testcase classname="testng.TestCase3" name="tc2" time="0.003"/>
  <system-out/>
</testsuite> <!-- testng.TestCase3 -->
