<?xml version="1.0" encoding="UTF-8"?>
<!-- Generated by org.testng.reporters.JUnitReportReporter -->
<testsuite hostname="DESKTOP-OK8075E" failures="0" tests="9" name="testng.Group" time="0.033" errors="0" timestamp="2021-07-05T12:17:58 IST" skipped="0">
  <testcase classname="testng.Group" name="testCase4" time="0.002"/>
  <system-out/>
  <testcase classname="testng.Group" name="testCase9" time="0.004"/>
  <system-out/>
  <testcase classname="testng.Group" name="testCase2" time="0.001"/>
  <system-out/>
  <testcase classname="testng.Group" name="testCase1" time="0.015"/>
  <system-out/>
  <testcase classname="testng.Group" name="testCase5" time="0.001"/>
  <system-out/>
  <testcase classname="testng.Group" name="testCase7" time="0.005"/>
  <system-out/>
  <testcase classname="testng.Group" name="testCase8" time="0.003"/>
  <system-out/>
  <testcase classname="testng.Group" name="testCase3" time="0.001"/>
  <system-out/>
  <testcase classname="testng.Group" name="testCase6" time="0.001"/>
  <system-out/>
</testsuite> <!-- testng.Group -->
