<?xml version="1.0" encoding="UTF-8"?>
<!-- Generated by org.testng.reporters.JUnitReportReporter -->
<testsuite hostname="DESKTOP-OK8075E" failures="0" tests="1" name="PomPageFactery.TestCase" time="25.979" errors="0" timestamp="2021-07-02T11:23:27 IST" skipped="0">
  <testcase classname="PomPageFactery.TestCase" name="verifyHompePage" time="25.979"/>
  <system-out/>
</testsuite> <!-- PomPageFactery.TestCase -->
