<?xml version="1.0" encoding="UTF-8"?>
<!-- Generated by org.testng.reporters.JUnitReportReporter -->
<testsuite hostname="DESKTOP-OK8075E" failures="0" tests="1" name="testNG.MyProfileTestNG" time="7.021" errors="0" timestamp="2021-07-09T17:15:08 IST" skipped="0">
  <testcase classname="testNG.MyProfileTestNG" name="f" time="7.021"/>
  <system-out/>
</testsuite> <!-- testNG.MyProfileTestNG -->
