<?xml version="1.0" encoding="UTF-8"?>
<!-- Generated by org.testng.reporters.JUnitReportReporter -->
<testsuite hostname="DESKTOP-OK8075E" failures="0" tests="2" name="testNG.EditPersonalInfoTestNG" time="7.276" errors="0" timestamp="2021-07-12T10:03:09 IST" skipped="0">
  <testcase classname="testNG.EditPersonalInfoTestNG" name="editPersonalInfo" time="7.274"/>
  <system-out/>
  <testcase classname="testNG.EditPersonalInfoTestNG" name="editMobileNumber" time="0.002"/>
  <system-out/>
</testsuite> <!-- testNG.EditPersonalInfoTestNG -->
