<?xml version="1.0" encoding="UTF-8"?>
<!-- Generated by org.testng.reporters.JUnitReportReporter -->
<testsuite hostname="DESKTOP-OK8075E" failures="0" tests="1" name="testNG.UploadProfileTestNG" time="71.235" errors="0" timestamp="2021-07-13T09:36:57 IST" skipped="0">
  <testcase classname="testNG.UploadProfileTestNG" name="uploadProfilePicter" time="71.235"/>
  <system-out/>
</testsuite> <!-- testNG.UploadProfileTestNG -->
